<?xml version="1.0" encoding="UTF-8"?>
<coverage generated="1611154646186" clover="3.2.0">
  <project timestamp="1611154646187" name="All files">
    <metrics statements="26" coveredstatements="26" conditionals="14" coveredconditionals="10" methods="9" coveredmethods="8" elements="49" coveredelements="44" complexity="0" loc="26" ncloc="26" packages="1" files="2" classes="2"/>
    <file name="Button.js" path="D:\ReactNativeApps\react-native-testing\src\Button.js">
      <metrics statements="8" coveredstatements="8" conditionals="0" coveredconditionals="0" methods="1" coveredmethods="1"/>
      <line num="1" count="1" type="stmt"/>
      <line num="2" count="1" type="stmt"/>
      <line num="4" count="1" type="stmt"/>
      <line num="5" count="1" type="stmt"/>
      <line num="6" count="1" type="stmt"/>
      <line num="7" count="1" type="stmt"/>
      <line num="16" count="1" type="stmt"/>
      <line num="36" count="1" type="stmt"/>
    </file>
    <file name="ButtonC.js" path="D:\ReactNativeApps\react-native-testing\src\ButtonC.js">
      <metrics statements="18" coveredstatements="18" conditionals="14" coveredconditionals="10" methods="8" coveredmethods="7"/>
      <line num="1" count="1" type="stmt"/>
      <line num="2" count="6" type="cond" truecount="6" falsecount="4"/>
      <line num="5" count="1" type="stmt"/>
      <line num="6" count="6" type="stmt"/>
      <line num="7" count="6" type="stmt"/>
      <line num="12" count="3" type="stmt"/>
      <line num="13" count="3" type="cond" truecount="2" falsecount="0"/>
      <line num="14" count="2" type="stmt"/>
      <line num="16" count="3" type="stmt"/>
      <line num="17" count="6" type="stmt"/>
      <line num="20" count="6" type="stmt"/>
      <line num="21" count="6" type="stmt"/>
      <line num="24" count="6" type="cond" truecount="2" falsecount="0"/>
      <line num="26" count="6" type="stmt"/>
      <line num="33" count="1" type="stmt"/>
      <line num="36" count="1" type="stmt"/>
      <line num="40" count="1" type="stmt"/>
      <line num="60" count="1" type="stmt"/>
    </file>
  </project>
</coverage>
