{"D:\\ReactNativeApps\\react-native-testing\\src\\Button.js": {"path":"D:\\ReactNativeApps\\react-native-testing\\src\\Button.js","statementMap":{"0":{"start":{"line":1,"column":42},"end":{"line":1,"column":97}},"1":{"start":{"line":1,"column":98},"end":{"line":1,"column":160}},"2":{"start":{"line":1,"column":160},"end":{"line":1,"column":185}},"3":{"start":{"line":1,"column":198},"end":{"line":1,"column":238}},"4":{"start":{"line":2,"column":19},"end":{"line":2,"column":42}},"5":{"start":{"line":2,"column":55},"end":{"line":2,"column":59}},"6":{"start":{"line":2,"column":75},"end":{"line":2,"column":134}},"7":{"start":{"line":4,"column":13},"end":{"line":14,"column":1}},"8":{"start":{"line":5,"column":16},"end":{"line":5,"column":34}},"9":{"start":{"line":5,"column":47},"end":{"line":5,"column":63}},"10":{"start":{"line":6,"column":12},"end":{"line":6,"column":25}},"11":{"start":{"line":6,"column":34},"end":{"line":6,"column":45}},"12":{"start":{"line":7,"column":2},"end":{"line":10,"column":13}},"13":{"start":{"line":16,"column":13},"end":{"line":32,"column":23}},"14":{"start":{"line":36,"column":0},"end":{"line":36,"column":6}},"15":{"start":{"line":36,"column":7},"end":{"line":36,"column":34}}},"fnMap":{"0":{"name":"Button","decl":{"start":{"line":4,"column":22},"end":{"line":4,"column":28}},"loc":{"start":{"line":4,"column":36},"end":{"line":14,"column":1}},"line":4}},"branchMap":{},"s":{"0":1,"1":1,"2":1,"3":1,"4":1,"5":1,"6":1,"7":1,"8":1,"9":1,"10":1,"11":1,"12":1,"13":1,"14":1,"15":1},"f":{"0":1},"b":{},"inputSourceMap":null,"_coverageSchema":"1a1c01bbd47fc00a2c39e90264f33305004495a9","hash":"bfa33d4c7fa51848307705cd5ea55e20fc1f06df"}
,"D:\\ReactNativeApps\\react-native-testing\\src\\ButtonC.js": {"path":"D:\\ReactNativeApps\\react-native-testing\\src\\ButtonC.js","statementMap":{"0":{"start":{"line":1,"column":42},"end":{"line":1,"column":97}},"1":{"start":{"line":1,"column":128},"end":{"line":1,"column":184}},"2":{"start":{"line":1,"column":185},"end":{"line":1,"column":247}},"3":{"start":{"line":1,"column":247},"end":{"line":1,"column":272}},"4":{"start":{"line":1,"column":295},"end":{"line":1,"column":367}},"5":{"start":{"line":1,"column":388},"end":{"line":1,"column":457}},"6":{"start":{"line":1,"column":475},"end":{"line":1,"column":541}},"7":{"start":{"line":1,"column":576},"end":{"line":1,"column":659}},"8":{"start":{"line":1,"column":683},"end":{"line":1,"column":755}},"9":{"start":{"line":1,"column":769},"end":{"line":1,"column":810}},"10":{"start":{"line":2,"column":19},"end":{"line":2,"column":42}},"11":{"start":{"line":2,"column":62},"end":{"line":2,"column":122}},"12":{"start":{"line":2,"column":187},"end":{"line":2,"column":214}},"13":{"start":{"line":2,"column":215},"end":{"line":2,"column":576}},"14":{"start":{"line":2,"column":267},"end":{"line":2,"column":305}},"15":{"start":{"line":2,"column":313},"end":{"line":2,"column":512}},"16":{"start":{"line":2,"column":361},"end":{"line":2,"column":408}},"17":{"start":{"line":2,"column":409},"end":{"line":2,"column":465}},"18":{"start":{"line":2,"column":473},"end":{"line":2,"column":511}},"19":{"start":{"line":2,"column":512},"end":{"line":2,"column":574}},"20":{"start":{"line":2,"column":615},"end":{"line":2,"column":686}},"21":{"start":{"line":2,"column":673},"end":{"line":2,"column":686}},"22":{"start":{"line":2,"column":686},"end":{"line":2,"column":727}},"23":{"start":{"line":2,"column":714},"end":{"line":2,"column":727}},"24":{"start":{"line":2,"column":727},"end":{"line":2,"column":772}},"25":{"start":{"line":2,"column":760},"end":{"line":2,"column":772}},"26":{"start":{"line":2,"column":772},"end":{"line":2,"column":890}},"27":{"start":{"line":2,"column":777},"end":{"line":2,"column":851}},"28":{"start":{"line":2,"column":851},"end":{"line":2,"column":863}},"29":{"start":{"line":2,"column":876},"end":{"line":2,"column":889}},"30":{"start":{"line":5,"column":10},"end":{"line":33,"column":44}},"31":{"start":{"line":5,"column":33},"end":{"line":5,"column":78}},"32":{"start":{"line":5,"column":91},"end":{"line":5,"column":112}},"33":{"start":{"line":6,"column":37},"end":{"line":6,"column":82}},"34":{"start":{"line":7,"column":4},"end":{"line":7,"column":37}},"35":{"start":{"line":7,"column":37},"end":{"line":17,"column":6}},"36":{"start":{"line":12,"column":6},"end":{"line":12,"column":17}},"37":{"start":{"line":12,"column":28},"end":{"line":12,"column":47}},"38":{"start":{"line":12,"column":54},"end":{"line":12,"column":69}},"39":{"start":{"line":13,"column":6},"end":{"line":15,"column":7}},"40":{"start":{"line":14,"column":8},"end":{"line":14,"column":42}},"41":{"start":{"line":16,"column":6},"end":{"line":16,"column":16}},"42":{"start":{"line":17,"column":6},"end":{"line":17,"column":19}},"43":{"start":{"line":17,"column":20},"end":{"line":33,"column":10}},"44":{"start":{"line":20,"column":20},"end":{"line":20,"column":38}},"45":{"start":{"line":20,"column":51},"end":{"line":20,"column":67}},"46":{"start":{"line":21,"column":6},"end":{"line":21,"column":16}},"47":{"start":{"line":21,"column":25},"end":{"line":21,"column":43}},"48":{"start":{"line":21,"column":54},"end":{"line":21,"column":74}},"49":{"start":{"line":24,"column":27},"end":{"line":24,"column":126}},"50":{"start":{"line":26,"column":6},"end":{"line":29,"column":17}},"51":{"start":{"line":33,"column":10},"end":{"line":33,"column":25}},"52":{"start":{"line":36,"column":0},"end":{"line":37,"column":18}},"53":{"start":{"line":40,"column":13},"end":{"line":56,"column":23}},"54":{"start":{"line":60,"column":0},"end":{"line":60,"column":7}},"55":{"start":{"line":60,"column":8},"end":{"line":60,"column":35}}},"fnMap":{"0":{"name":"_createSuper","decl":{"start":{"line":2,"column":132},"end":{"line":2,"column":144}},"loc":{"start":{"line":2,"column":154},"end":{"line":2,"column":577}},"line":2},"1":{"name":"_createSuperInternal","decl":{"start":{"line":2,"column":231},"end":{"line":2,"column":251}},"loc":{"start":{"line":2,"column":254},"end":{"line":2,"column":575}},"line":2},"2":{"name":"_isNativeReflectConstruct","decl":{"start":{"line":2,"column":586},"end":{"line":2,"column":611}},"loc":{"start":{"line":2,"column":614},"end":{"line":2,"column":891}},"line":2},"3":{"name":"(anonymous_3)","decl":{"start":{"line":2,"column":834},"end":{"line":2,"column":835}},"loc":{"start":{"line":2,"column":846},"end":{"line":2,"column":848}},"line":2},"4":{"name":"(anonymous_4)","decl":{"start":{"line":5,"column":10},"end":{"line":5,"column":11}},"loc":{"start":{"line":5,"column":32},"end":{"line":33,"column":26}},"line":5},"5":{"name":"ButtonC","decl":{"start":{"line":6,"column":11},"end":{"line":6,"column":18}},"loc":{"start":{"line":6,"column":26},"end":{"line":17,"column":20}},"line":6},"6":{"name":"(anonymous_6)","decl":{"start":{"line":11,"column":21},"end":{"line":11,"column":22}},"loc":{"start":{"line":11,"column":33},"end":{"line":17,"column":5}},"line":11},"7":{"name":"render","decl":{"start":{"line":17,"column":90},"end":{"line":17,"column":96}},"loc":{"start":{"line":19,"column":4},"end":{"line":33,"column":5}},"line":19}},"branchMap":{"0":{"loc":{"start":{"line":2,"column":313},"end":{"line":2,"column":512}},"type":"if","locations":[{"start":{"line":2,"column":313},"end":{"line":2,"column":512}},{"start":{"line":2,"column":313},"end":{"line":2,"column":512}}],"line":2},"1":{"loc":{"start":{"line":2,"column":615},"end":{"line":2,"column":686}},"type":"if","locations":[{"start":{"line":2,"column":615},"end":{"line":2,"column":686}},{"start":{"line":2,"column":615},"end":{"line":2,"column":686}}],"line":2},"2":{"loc":{"start":{"line":2,"column":619},"end":{"line":2,"column":671}},"type":"binary-expr","locations":[{"start":{"line":2,"column":619},"end":{"line":2,"column":649}},{"start":{"line":2,"column":653},"end":{"line":2,"column":671}}],"line":2},"3":{"loc":{"start":{"line":2,"column":686},"end":{"line":2,"column":727}},"type":"if","locations":[{"start":{"line":2,"column":686},"end":{"line":2,"column":727}},{"start":{"line":2,"column":686},"end":{"line":2,"column":727}}],"line":2},"4":{"loc":{"start":{"line":2,"column":727},"end":{"line":2,"column":772}},"type":"if","locations":[{"start":{"line":2,"column":727},"end":{"line":2,"column":772}},{"start":{"line":2,"column":727},"end":{"line":2,"column":772}}],"line":2},"5":{"loc":{"start":{"line":13,"column":6},"end":{"line":15,"column":7}},"type":"if","locations":[{"start":{"line":13,"column":6},"end":{"line":15,"column":7}},{"start":{"line":13,"column":6},"end":{"line":15,"column":7}}],"line":13},"6":{"loc":{"start":{"line":24,"column":27},"end":{"line":24,"column":126}},"type":"cond-expr","locations":[{"start":{"line":24,"column":37},"end":{"line":24,"column":48}},{"start":{"line":24,"column":51},"end":{"line":24,"column":126}}],"line":24}},"s":{"0":1,"1":1,"2":1,"3":1,"4":1,"5":1,"6":1,"7":1,"8":1,"9":1,"10":1,"11":1,"12":1,"13":1,"14":6,"15":6,"16":6,"17":6,"18":0,"19":6,"20":1,"21":0,"22":1,"23":0,"24":1,"25":1,"26":0,"27":0,"28":0,"29":0,"30":1,"31":1,"32":1,"33":6,"34":6,"35":6,"36":3,"37":3,"38":3,"39":3,"40":2,"41":3,"42":6,"43":1,"44":6,"45":6,"46":6,"47":6,"48":6,"49":6,"50":6,"51":1,"52":1,"53":1,"54":1,"55":1},"f":{"0":1,"1":6,"2":1,"3":0,"4":1,"5":6,"6":3,"7":6},"b":{"0":[6,0],"1":[0,1],"2":[1,1],"3":[0,1],"4":[1,0],"5":[2,1],"6":[5,1]},"inputSourceMap":null,"_coverageSchema":"1a1c01bbd47fc00a2c39e90264f33305004495a9","hash":"c407e61cdcf32f21b782bde2a3b1d61d03f8127e"}
}
