TN:
SF:src\Button.js
FN:4,Button
FNF:1
FNH:1
FNDA:1,Button
DA:1,1
DA:2,1
DA:4,1
DA:5,1
DA:6,1
DA:7,1
DA:16,1
DA:36,1
LF:8
LH:8
BRF:0
BRH:0
end_of_record
TN:
SF:src\ButtonC.js
FN:2,_createSuper
FN:2,_createSuperInternal
FN:2,_isNativeReflectConstruct
FN:2,(anonymous_3)
FN:5,(anonymous_4)
FN:6,ButtonC
FN:11,(anonymous_6)
FN:17,render
FNF:8
FNH:7
FNDA:1,_createSuper
FNDA:6,_createSuperInternal
FNDA:1,_isNativeReflectConstruct
FNDA:0,(anonymous_3)
FNDA:1,(anonymous_4)
FNDA:6,ButtonC
FNDA:3,(anonymous_6)
FNDA:6,render
DA:1,1
DA:2,6
DA:5,1
DA:6,6
DA:7,6
DA:12,3
DA:13,3
DA:14,2
DA:16,3
DA:17,6
DA:20,6
DA:21,6
DA:24,6
DA:26,6
DA:33,1
DA:36,1
DA:40,1
DA:60,1
LF:18
LH:18
BRDA:2,0,0,6
BRDA:2,0,1,0
BRDA:2,1,0,0
BRDA:2,1,1,1
BRDA:2,2,0,1
BRDA:2,2,1,1
BRDA:2,3,0,0
BRDA:2,3,1,1
BRDA:2,4,0,1
BRDA:2,4,1,0
BRDA:13,5,0,2
BRDA:13,5,1,1
BRDA:24,6,0,5
BRDA:24,6,1,1
BRF:14
BRH:10
end_of_record
